[2024-05-04 23:30:37] [modloading-worker-0/INFO] [aT] 
[2024-05-04 23:30:37] [modloading-worker-0/INFO] [aT] ******************************************************************************************
[2024-05-04 23:30:37] [modloading-worker-0/INFO] [aT] 
[2024-05-04 23:30:37] [modloading-worker-0/INFO] [aT] WorldEdit CUI Forge Edition 3 version 3.0.9 for Minecraft 1.16.5
[2024-05-04 23:30:37] [modloading-worker-0/INFO] [aT] Built with forge 36.0.13
[2024-05-04 23:30:37] [modloading-worker-0/INFO] [aT] 
[2024-05-04 23:30:37] [modloading-worker-0/INFO] [aT] Environment :
[2024-05-04 23:30:37] [modloading-worker-0/INFO] [aT] 		 OS :Linux (amd64) 
[2024-05-04 23:30:37] [modloading-worker-0/INFO] [aT] 		 Java: 11.0.22
[2024-05-04 23:30:37] [modloading-worker-0/INFO] [aT] 		 Language :null_en
[2024-05-04 23:30:37] [modloading-worker-0/INFO] [aT] 
[2024-05-04 23:30:37] [modloading-worker-0/INFO] [aT] ******************************************************************************************
[2024-05-04 23:30:37] [modloading-worker-0/INFO] [aT] 
[2024-05-04 23:30:37] [modloading-worker-0/INFO] [a] WorldEdit CUI Forge Edition 3 is loading ...
[2024-05-08 20:00:36] [modloading-worker-0/INFO] [aT] 
[2024-05-08 20:00:36] [modloading-worker-0/INFO] [aT] ******************************************************************************************
[2024-05-08 20:00:36] [modloading-worker-0/INFO] [aT] 
[2024-05-08 20:00:36] [modloading-worker-0/INFO] [aT] WorldEdit CUI Forge Edition 3 version 3.0.9 for Minecraft 1.16.5
[2024-05-08 20:00:36] [modloading-worker-0/INFO] [aT] Built with forge 36.0.13
[2024-05-08 20:00:36] [modloading-worker-0/INFO] [aT] 
[2024-05-08 20:00:36] [modloading-worker-0/INFO] [aT] Environment :
[2024-05-08 20:00:36] [modloading-worker-0/INFO] [aT] 		 OS :Linux (amd64) 
[2024-05-08 20:00:36] [modloading-worker-0/INFO] [aT] 		 Java: 11.0.22
[2024-05-08 20:00:36] [modloading-worker-0/INFO] [aT] 		 Language :null_en
[2024-05-08 20:00:36] [modloading-worker-0/INFO] [aT] 
[2024-05-08 20:00:36] [modloading-worker-0/INFO] [aT] ******************************************************************************************
[2024-05-08 20:00:36] [modloading-worker-0/INFO] [aT] 
[2024-05-08 20:00:36] [modloading-worker-0/INFO] [a] WorldEdit CUI Forge Edition 3 is loading ...
[2024-05-08 20:28:35] [modloading-worker-0/INFO] [aT] 
[2024-05-08 20:28:35] [modloading-worker-0/INFO] [aT] ******************************************************************************************
[2024-05-08 20:28:35] [modloading-worker-0/INFO] [aT] 
[2024-05-08 20:28:35] [modloading-worker-0/INFO] [aT] WorldEdit CUI Forge Edition 3 version 3.0.9 for Minecraft 1.16.5
[2024-05-08 20:28:35] [modloading-worker-0/INFO] [aT] Built with forge 36.0.13
[2024-05-08 20:28:35] [modloading-worker-0/INFO] [aT] 
[2024-05-08 20:28:35] [modloading-worker-0/INFO] [aT] Environment :
[2024-05-08 20:28:35] [modloading-worker-0/INFO] [aT] 		 OS :Linux (amd64) 
[2024-05-08 20:28:35] [modloading-worker-0/INFO] [aT] 		 Java: 11.0.22
[2024-05-08 20:28:35] [modloading-worker-0/INFO] [aT] 		 Language :null_en
[2024-05-08 20:28:35] [modloading-worker-0/INFO] [aT] 
[2024-05-08 20:28:35] [modloading-worker-0/INFO] [aT] ******************************************************************************************
[2024-05-08 20:28:35] [modloading-worker-0/INFO] [aT] 
[2024-05-08 20:28:35] [modloading-worker-0/INFO] [a] WorldEdit CUI Forge Edition 3 is loading ...
[2024-05-09 00:05:43] [modloading-worker-0/INFO] [aT] 
[2024-05-09 00:05:43] [modloading-worker-0/INFO] [aT] ******************************************************************************************
[2024-05-09 00:05:43] [modloading-worker-0/INFO] [aT] 
[2024-05-09 00:05:43] [modloading-worker-0/INFO] [aT] WorldEdit CUI Forge Edition 3 version 3.0.9 for Minecraft 1.16.5
[2024-05-09 00:05:43] [modloading-worker-0/INFO] [aT] Built with forge 36.0.13
[2024-05-09 00:05:43] [modloading-worker-0/INFO] [aT] 
[2024-05-09 00:05:43] [modloading-worker-0/INFO] [aT] Environment :
[2024-05-09 00:05:43] [modloading-worker-0/INFO] [aT] 		 OS :Linux (amd64) 
[2024-05-09 00:05:43] [modloading-worker-0/INFO] [aT] 		 Java: 11.0.22
[2024-05-09 00:05:43] [modloading-worker-0/INFO] [aT] 		 Language :null_en
[2024-05-09 00:05:43] [modloading-worker-0/INFO] [aT] 
[2024-05-09 00:05:43] [modloading-worker-0/INFO] [aT] ******************************************************************************************
[2024-05-09 00:05:43] [modloading-worker-0/INFO] [aT] 
[2024-05-09 00:05:43] [modloading-worker-0/INFO] [a] WorldEdit CUI Forge Edition 3 is loading ...
[2024-05-09 01:09:08] [modloading-worker-1/INFO] [aT] 
[2024-05-09 01:09:08] [modloading-worker-1/INFO] [aT] ******************************************************************************************
[2024-05-09 01:09:08] [modloading-worker-1/INFO] [aT] 
[2024-05-09 01:09:08] [modloading-worker-1/INFO] [aT] WorldEdit CUI Forge Edition 3 version 3.0.9 for Minecraft 1.16.5
[2024-05-09 01:09:08] [modloading-worker-1/INFO] [aT] Built with forge 36.0.13
[2024-05-09 01:09:08] [modloading-worker-1/INFO] [aT] 
[2024-05-09 01:09:08] [modloading-worker-1/INFO] [aT] Environment :
[2024-05-09 01:09:08] [modloading-worker-1/INFO] [aT] 		 OS :Linux (amd64) 
[2024-05-09 01:09:08] [modloading-worker-1/INFO] [aT] 		 Java: 11.0.22
[2024-05-09 01:09:08] [modloading-worker-1/INFO] [aT] 		 Language :null_en
[2024-05-09 01:09:08] [modloading-worker-1/INFO] [aT] 
[2024-05-09 01:09:08] [modloading-worker-1/INFO] [aT] ******************************************************************************************
[2024-05-09 01:09:08] [modloading-worker-1/INFO] [aT] 
[2024-05-09 01:09:08] [modloading-worker-1/INFO] [a] WorldEdit CUI Forge Edition 3 is loading ...
[2024-05-09 01:12:25] [modloading-worker-1/INFO] [aT] 
[2024-05-09 01:12:25] [modloading-worker-1/INFO] [aT] ******************************************************************************************
[2024-05-09 01:12:25] [modloading-worker-1/INFO] [aT] 
[2024-05-09 01:12:25] [modloading-worker-1/INFO] [aT] WorldEdit CUI Forge Edition 3 version 3.0.9 for Minecraft 1.16.5
[2024-05-09 01:12:25] [modloading-worker-1/INFO] [aT] Built with forge 36.0.13
[2024-05-09 01:12:25] [modloading-worker-1/INFO] [aT] 
[2024-05-09 01:12:25] [modloading-worker-1/INFO] [aT] Environment :
[2024-05-09 01:12:25] [modloading-worker-1/INFO] [aT] 		 OS :Linux (amd64) 
[2024-05-09 01:12:25] [modloading-worker-1/INFO] [aT] 		 Java: 11.0.22
[2024-05-09 01:12:25] [modloading-worker-1/INFO] [aT] 		 Language :null_en
[2024-05-09 01:12:25] [modloading-worker-1/INFO] [aT] 
[2024-05-09 01:12:25] [modloading-worker-1/INFO] [aT] ******************************************************************************************
[2024-05-09 01:12:25] [modloading-worker-1/INFO] [aT] 
[2024-05-09 01:12:25] [modloading-worker-1/INFO] [a] WorldEdit CUI Forge Edition 3 is loading ...
[2024-05-09 01:39:26] [modloading-worker-1/INFO] [aT] 
[2024-05-09 01:39:26] [modloading-worker-1/INFO] [aT] ******************************************************************************************
[2024-05-09 01:39:26] [modloading-worker-1/INFO] [aT] 
[2024-05-09 01:39:26] [modloading-worker-1/INFO] [aT] WorldEdit CUI Forge Edition 3 version 3.0.9 for Minecraft 1.16.5
[2024-05-09 01:39:26] [modloading-worker-1/INFO] [aT] Built with forge 36.0.13
[2024-05-09 01:39:26] [modloading-worker-1/INFO] [aT] 
[2024-05-09 01:39:26] [modloading-worker-1/INFO] [aT] Environment :
[2024-05-09 01:39:26] [modloading-worker-1/INFO] [aT] 		 OS :Linux (amd64) 
[2024-05-09 01:39:26] [modloading-worker-1/INFO] [aT] 		 Java: 11.0.22
[2024-05-09 01:39:26] [modloading-worker-1/INFO] [aT] 		 Language :null_en
[2024-05-09 01:39:26] [modloading-worker-1/INFO] [aT] 
[2024-05-09 01:39:26] [modloading-worker-1/INFO] [aT] ******************************************************************************************
[2024-05-09 01:39:26] [modloading-worker-1/INFO] [aT] 
[2024-05-09 01:39:26] [modloading-worker-1/INFO] [a] WorldEdit CUI Forge Edition 3 is loading ...
[2024-05-09 17:47:53] [modloading-worker-0/INFO] [aT] 
[2024-05-09 17:47:53] [modloading-worker-0/INFO] [aT] ******************************************************************************************
[2024-05-09 17:47:53] [modloading-worker-0/INFO] [aT] 
[2024-05-09 17:47:53] [modloading-worker-0/INFO] [aT] WorldEdit CUI Forge Edition 3 version 3.0.9 for Minecraft 1.16.5
[2024-05-09 17:47:53] [modloading-worker-0/INFO] [aT] Built with forge 36.0.13
[2024-05-09 17:47:53] [modloading-worker-0/INFO] [aT] 
[2024-05-09 17:47:53] [modloading-worker-0/INFO] [aT] Environment :
[2024-05-09 17:47:53] [modloading-worker-0/INFO] [aT] 		 OS :Linux (amd64) 
[2024-05-09 17:47:53] [modloading-worker-0/INFO] [aT] 		 Java: 11.0.22
[2024-05-09 17:47:53] [modloading-worker-0/INFO] [aT] 		 Language :null_en
[2024-05-09 17:47:53] [modloading-worker-0/INFO] [aT] 
[2024-05-09 17:47:53] [modloading-worker-0/INFO] [aT] ******************************************************************************************
[2024-05-09 17:47:53] [modloading-worker-0/INFO] [aT] 
[2024-05-09 17:47:53] [modloading-worker-0/INFO] [a] WorldEdit CUI Forge Edition 3 is loading ...
[2024-05-09 17:59:35] [modloading-worker-0/INFO] [aT] 
[2024-05-09 17:59:35] [modloading-worker-0/INFO] [aT] ******************************************************************************************
[2024-05-09 17:59:35] [modloading-worker-0/INFO] [aT] 
[2024-05-09 17:59:35] [modloading-worker-0/INFO] [aT] WorldEdit CUI Forge Edition 3 version 3.0.9 for Minecraft 1.16.5
[2024-05-09 17:59:35] [modloading-worker-0/INFO] [aT] Built with forge 36.0.13
[2024-05-09 17:59:35] [modloading-worker-0/INFO] [aT] 
[2024-05-09 17:59:35] [modloading-worker-0/INFO] [aT] Environment :
[2024-05-09 17:59:35] [modloading-worker-0/INFO] [aT] 		 OS :Linux (amd64) 
[2024-05-09 17:59:35] [modloading-worker-0/INFO] [aT] 		 Java: 11.0.22
[2024-05-09 17:59:35] [modloading-worker-0/INFO] [aT] 		 Language :null_en
[2024-05-09 17:59:35] [modloading-worker-0/INFO] [aT] 
[2024-05-09 17:59:35] [modloading-worker-0/INFO] [aT] ******************************************************************************************
[2024-05-09 17:59:35] [modloading-worker-0/INFO] [aT] 
[2024-05-09 17:59:35] [modloading-worker-0/INFO] [a] WorldEdit CUI Forge Edition 3 is loading ...
[2024-05-09 18:10:40] [modloading-worker-1/INFO] [aT] 
[2024-05-09 18:10:40] [modloading-worker-1/INFO] [aT] ******************************************************************************************
[2024-05-09 18:10:40] [modloading-worker-1/INFO] [aT] 
[2024-05-09 18:10:40] [modloading-worker-1/INFO] [aT] WorldEdit CUI Forge Edition 3 version 3.0.9 for Minecraft 1.16.5
[2024-05-09 18:10:40] [modloading-worker-1/INFO] [aT] Built with forge 36.0.13
[2024-05-09 18:10:40] [modloading-worker-1/INFO] [aT] 
[2024-05-09 18:10:40] [modloading-worker-1/INFO] [aT] Environment :
[2024-05-09 18:10:40] [modloading-worker-1/INFO] [aT] 		 OS :Linux (amd64) 
[2024-05-09 18:10:40] [modloading-worker-1/INFO] [aT] 		 Java: 11.0.22
[2024-05-09 18:10:40] [modloading-worker-1/INFO] [aT] 		 Language :null_en
[2024-05-09 18:10:40] [modloading-worker-1/INFO] [aT] 
[2024-05-09 18:10:40] [modloading-worker-1/INFO] [aT] ******************************************************************************************
[2024-05-09 18:10:40] [modloading-worker-1/INFO] [aT] 
[2024-05-09 18:10:40] [modloading-worker-1/INFO] [a] WorldEdit CUI Forge Edition 3 is loading ...
[2024-05-09 18:19:56] [modloading-worker-1/INFO] [aT] 
[2024-05-09 18:19:56] [modloading-worker-1/INFO] [aT] ******************************************************************************************
[2024-05-09 18:19:56] [modloading-worker-1/INFO] [aT] 
[2024-05-09 18:19:56] [modloading-worker-1/INFO] [aT] WorldEdit CUI Forge Edition 3 version 3.0.9 for Minecraft 1.16.5
[2024-05-09 18:19:56] [modloading-worker-1/INFO] [aT] Built with forge 36.0.13
[2024-05-09 18:19:56] [modloading-worker-1/INFO] [aT] 
[2024-05-09 18:19:56] [modloading-worker-1/INFO] [aT] Environment :
[2024-05-09 18:19:56] [modloading-worker-1/INFO] [aT] 		 OS :Linux (amd64) 
[2024-05-09 18:19:56] [modloading-worker-1/INFO] [aT] 		 Java: 11.0.22
[2024-05-09 18:19:56] [modloading-worker-1/INFO] [aT] 		 Language :null_en
[2024-05-09 18:19:56] [modloading-worker-1/INFO] [aT] 
[2024-05-09 18:19:56] [modloading-worker-1/INFO] [aT] ******************************************************************************************
[2024-05-09 18:19:56] [modloading-worker-1/INFO] [aT] 
[2024-05-09 18:19:56] [modloading-worker-1/INFO] [a] WorldEdit CUI Forge Edition 3 is loading ...
[2024-05-09 18:57:50] [modloading-worker-1/INFO] [aT] 
[2024-05-09 18:57:50] [modloading-worker-1/INFO] [aT] ******************************************************************************************
[2024-05-09 18:57:50] [modloading-worker-1/INFO] [aT] 
[2024-05-09 18:57:50] [modloading-worker-1/INFO] [aT] WorldEdit CUI Forge Edition 3 version 3.0.9 for Minecraft 1.16.5
[2024-05-09 18:57:50] [modloading-worker-1/INFO] [aT] Built with forge 36.0.13
[2024-05-09 18:57:50] [modloading-worker-1/INFO] [aT] 
[2024-05-09 18:57:50] [modloading-worker-1/INFO] [aT] Environment :
[2024-05-09 18:57:50] [modloading-worker-1/INFO] [aT] 		 OS :Linux (amd64) 
[2024-05-09 18:57:50] [modloading-worker-1/INFO] [aT] 		 Java: 11.0.22
[2024-05-09 18:57:50] [modloading-worker-1/INFO] [aT] 		 Language :null_en
[2024-05-09 18:57:50] [modloading-worker-1/INFO] [aT] 
[2024-05-09 18:57:50] [modloading-worker-1/INFO] [aT] ******************************************************************************************
[2024-05-09 18:57:50] [modloading-worker-1/INFO] [aT] 
[2024-05-09 18:57:50] [modloading-worker-1/INFO] [a] WorldEdit CUI Forge Edition 3 is loading ...
[2024-05-09 19:47:02] [modloading-worker-0/INFO] [aT] 
[2024-05-09 19:47:02] [modloading-worker-0/INFO] [aT] ******************************************************************************************
[2024-05-09 19:47:02] [modloading-worker-0/INFO] [aT] 
[2024-05-09 19:47:02] [modloading-worker-0/INFO] [aT] WorldEdit CUI Forge Edition 3 version 3.0.9 for Minecraft 1.16.5
[2024-05-09 19:47:02] [modloading-worker-0/INFO] [aT] Built with forge 36.0.13
[2024-05-09 19:47:02] [modloading-worker-0/INFO] [aT] 
[2024-05-09 19:47:02] [modloading-worker-0/INFO] [aT] Environment :
[2024-05-09 19:47:02] [modloading-worker-0/INFO] [aT] 		 OS :Linux (amd64) 
[2024-05-09 19:47:02] [modloading-worker-0/INFO] [aT] 		 Java: 11.0.22
[2024-05-09 19:47:02] [modloading-worker-0/INFO] [aT] 		 Language :null_en
[2024-05-09 19:47:02] [modloading-worker-0/INFO] [aT] 
[2024-05-09 19:47:02] [modloading-worker-0/INFO] [aT] ******************************************************************************************
[2024-05-09 19:47:02] [modloading-worker-0/INFO] [aT] 
[2024-05-09 19:47:02] [modloading-worker-0/INFO] [a] WorldEdit CUI Forge Edition 3 is loading ...
[2024-05-09 23:46:08] [modloading-worker-0/INFO] [aT] 
[2024-05-09 23:46:08] [modloading-worker-0/INFO] [aT] ******************************************************************************************
[2024-05-09 23:46:08] [modloading-worker-0/INFO] [aT] 
[2024-05-09 23:46:08] [modloading-worker-0/INFO] [aT] WorldEdit CUI Forge Edition 3 version 3.0.9 for Minecraft 1.16.5
[2024-05-09 23:46:08] [modloading-worker-0/INFO] [aT] Built with forge 36.0.13
[2024-05-09 23:46:08] [modloading-worker-0/INFO] [aT] 
[2024-05-09 23:46:08] [modloading-worker-0/INFO] [aT] Environment :
[2024-05-09 23:46:08] [modloading-worker-0/INFO] [aT] 		 OS :Linux (amd64) 
[2024-05-09 23:46:08] [modloading-worker-0/INFO] [aT] 		 Java: 11.0.22
[2024-05-09 23:46:08] [modloading-worker-0/INFO] [aT] 		 Language :null_en
[2024-05-09 23:46:08] [modloading-worker-0/INFO] [aT] 
[2024-05-09 23:46:08] [modloading-worker-0/INFO] [aT] ******************************************************************************************
[2024-05-09 23:46:08] [modloading-worker-0/INFO] [aT] 
[2024-05-09 23:46:08] [modloading-worker-0/INFO] [a] WorldEdit CUI Forge Edition 3 is loading ...
[2024-05-10 01:54:49] [modloading-worker-0/INFO] [aT] 
[2024-05-10 01:54:49] [modloading-worker-0/INFO] [aT] ******************************************************************************************
[2024-05-10 01:54:49] [modloading-worker-0/INFO] [aT] 
[2024-05-10 01:54:49] [modloading-worker-0/INFO] [aT] WorldEdit CUI Forge Edition 3 version 3.0.9 for Minecraft 1.16.5
[2024-05-10 01:54:49] [modloading-worker-0/INFO] [aT] Built with forge 36.0.13
[2024-05-10 01:54:49] [modloading-worker-0/INFO] [aT] 
[2024-05-10 01:54:49] [modloading-worker-0/INFO] [aT] Environment :
[2024-05-10 01:54:49] [modloading-worker-0/INFO] [aT] 		 OS :Linux (amd64) 
[2024-05-10 01:54:49] [modloading-worker-0/INFO] [aT] 		 Java: 11.0.22
[2024-05-10 01:54:49] [modloading-worker-0/INFO] [aT] 		 Language :null_en
[2024-05-10 01:54:49] [modloading-worker-0/INFO] [aT] 
[2024-05-10 01:54:49] [modloading-worker-0/INFO] [aT] ******************************************************************************************
[2024-05-10 01:54:49] [modloading-worker-0/INFO] [aT] 
[2024-05-10 01:54:49] [modloading-worker-0/INFO] [a] WorldEdit CUI Forge Edition 3 is loading ...
[2024-05-10 02:09:51] [modloading-worker-0/INFO] [aT] 
[2024-05-10 02:09:51] [modloading-worker-0/INFO] [aT] ******************************************************************************************
[2024-05-10 02:09:51] [modloading-worker-0/INFO] [aT] 
[2024-05-10 02:09:51] [modloading-worker-0/INFO] [aT] WorldEdit CUI Forge Edition 3 version 3.0.9 for Minecraft 1.16.5
[2024-05-10 02:09:51] [modloading-worker-0/INFO] [aT] Built with forge 36.0.13
[2024-05-10 02:09:51] [modloading-worker-0/INFO] [aT] 
[2024-05-10 02:09:51] [modloading-worker-0/INFO] [aT] Environment :
[2024-05-10 02:09:51] [modloading-worker-0/INFO] [aT] 		 OS :Linux (amd64) 
[2024-05-10 02:09:51] [modloading-worker-0/INFO] [aT] 		 Java: 11.0.22
[2024-05-10 02:09:51] [modloading-worker-0/INFO] [aT] 		 Language :null_en
[2024-05-10 02:09:51] [modloading-worker-0/INFO] [aT] 
[2024-05-10 02:09:51] [modloading-worker-0/INFO] [aT] ******************************************************************************************
[2024-05-10 02:09:51] [modloading-worker-0/INFO] [aT] 
[2024-05-10 02:09:51] [modloading-worker-0/INFO] [a] WorldEdit CUI Forge Edition 3 is loading ...
[2024-05-10 02:55:38] [modloading-worker-0/INFO] [aT] 
[2024-05-10 02:55:38] [modloading-worker-0/INFO] [aT] ******************************************************************************************
[2024-05-10 02:55:38] [modloading-worker-0/INFO] [aT] 
[2024-05-10 02:55:38] [modloading-worker-0/INFO] [aT] WorldEdit CUI Forge Edition 3 version 3.0.9 for Minecraft 1.16.5
[2024-05-10 02:55:38] [modloading-worker-0/INFO] [aT] Built with forge 36.0.13
[2024-05-10 02:55:38] [modloading-worker-0/INFO] [aT] 
[2024-05-10 02:55:38] [modloading-worker-0/INFO] [aT] Environment :
[2024-05-10 02:55:38] [modloading-worker-0/INFO] [aT] 		 OS :Linux (amd64) 
[2024-05-10 02:55:38] [modloading-worker-0/INFO] [aT] 		 Java: 11.0.22
[2024-05-10 02:55:38] [modloading-worker-0/INFO] [aT] 		 Language :null_en
[2024-05-10 02:55:38] [modloading-worker-0/INFO] [aT] 
[2024-05-10 02:55:38] [modloading-worker-0/INFO] [aT] ******************************************************************************************
[2024-05-10 02:55:38] [modloading-worker-0/INFO] [aT] 
[2024-05-10 02:55:38] [modloading-worker-0/INFO] [a] WorldEdit CUI Forge Edition 3 is loading ...
[2024-05-10 03:00:21] [modloading-worker-0/INFO] [aT] 
[2024-05-10 03:00:21] [modloading-worker-0/INFO] [aT] ******************************************************************************************
[2024-05-10 03:00:21] [modloading-worker-0/INFO] [aT] 
[2024-05-10 03:00:21] [modloading-worker-0/INFO] [aT] WorldEdit CUI Forge Edition 3 version 3.0.9 for Minecraft 1.16.5
[2024-05-10 03:00:21] [modloading-worker-0/INFO] [aT] Built with forge 36.0.13
[2024-05-10 03:00:21] [modloading-worker-0/INFO] [aT] 
[2024-05-10 03:00:21] [modloading-worker-0/INFO] [aT] Environment :
[2024-05-10 03:00:21] [modloading-worker-0/INFO] [aT] 		 OS :Linux (amd64) 
[2024-05-10 03:00:21] [modloading-worker-0/INFO] [aT] 		 Java: 11.0.22
[2024-05-10 03:00:21] [modloading-worker-0/INFO] [aT] 		 Language :null_en
[2024-05-10 03:00:21] [modloading-worker-0/INFO] [aT] 
[2024-05-10 03:00:21] [modloading-worker-0/INFO] [aT] ******************************************************************************************
[2024-05-10 03:00:21] [modloading-worker-0/INFO] [aT] 
[2024-05-10 03:00:21] [modloading-worker-0/INFO] [a] WorldEdit CUI Forge Edition 3 is loading ...
[2024-05-10 03:16:01] [modloading-worker-0/INFO] [aT] 
[2024-05-10 03:16:01] [modloading-worker-0/INFO] [aT] ******************************************************************************************
[2024-05-10 03:16:01] [modloading-worker-0/INFO] [aT] 
[2024-05-10 03:16:01] [modloading-worker-0/INFO] [aT] WorldEdit CUI Forge Edition 3 version 3.0.9 for Minecraft 1.16.5
[2024-05-10 03:16:01] [modloading-worker-0/INFO] [aT] Built with forge 36.0.13
[2024-05-10 03:16:01] [modloading-worker-0/INFO] [aT] 
[2024-05-10 03:16:01] [modloading-worker-0/INFO] [aT] Environment :
[2024-05-10 03:16:01] [modloading-worker-0/INFO] [aT] 		 OS :Linux (amd64) 
[2024-05-10 03:16:01] [modloading-worker-0/INFO] [aT] 		 Java: 11.0.22
[2024-05-10 03:16:01] [modloading-worker-0/INFO] [aT] 		 Language :null_en
[2024-05-10 03:16:01] [modloading-worker-0/INFO] [aT] 
[2024-05-10 03:16:01] [modloading-worker-0/INFO] [aT] ******************************************************************************************
[2024-05-10 03:16:01] [modloading-worker-0/INFO] [aT] 
[2024-05-10 03:16:01] [modloading-worker-0/INFO] [a] WorldEdit CUI Forge Edition 3 is loading ...
[2024-05-10 03:43:35] [modloading-worker-1/INFO] [aT] 
[2024-05-10 03:43:35] [modloading-worker-1/INFO] [aT] ******************************************************************************************
[2024-05-10 03:43:35] [modloading-worker-1/INFO] [aT] 
[2024-05-10 03:43:35] [modloading-worker-1/INFO] [aT] WorldEdit CUI Forge Edition 3 version 3.0.9 for Minecraft 1.16.5
[2024-05-10 03:43:35] [modloading-worker-1/INFO] [aT] Built with forge 36.0.13
[2024-05-10 03:43:35] [modloading-worker-1/INFO] [aT] 
[2024-05-10 03:43:35] [modloading-worker-1/INFO] [aT] Environment :
[2024-05-10 03:43:35] [modloading-worker-1/INFO] [aT] 		 OS :Linux (amd64) 
[2024-05-10 03:43:35] [modloading-worker-1/INFO] [aT] 		 Java: 11.0.22
[2024-05-10 03:43:35] [modloading-worker-1/INFO] [aT] 		 Language :null_en
[2024-05-10 03:43:35] [modloading-worker-1/INFO] [aT] 
[2024-05-10 03:43:35] [modloading-worker-1/INFO] [aT] ******************************************************************************************
[2024-05-10 03:43:35] [modloading-worker-1/INFO] [aT] 
[2024-05-10 03:43:35] [modloading-worker-1/INFO] [a] WorldEdit CUI Forge Edition 3 is loading ...
[2024-05-10 03:47:20] [modloading-worker-0/INFO] [aT] 
[2024-05-10 03:47:20] [modloading-worker-0/INFO] [aT] ******************************************************************************************
[2024-05-10 03:47:20] [modloading-worker-0/INFO] [aT] 
[2024-05-10 03:47:20] [modloading-worker-0/INFO] [aT] WorldEdit CUI Forge Edition 3 version 3.0.9 for Minecraft 1.16.5
[2024-05-10 03:47:20] [modloading-worker-0/INFO] [aT] Built with forge 36.0.13
[2024-05-10 03:47:20] [modloading-worker-0/INFO] [aT] 
[2024-05-10 03:47:20] [modloading-worker-0/INFO] [aT] Environment :
[2024-05-10 03:47:20] [modloading-worker-0/INFO] [aT] 		 OS :Linux (amd64) 
[2024-05-10 03:47:20] [modloading-worker-0/INFO] [aT] 		 Java: 11.0.22
[2024-05-10 03:47:20] [modloading-worker-0/INFO] [aT] 		 Language :null_en
[2024-05-10 03:47:20] [modloading-worker-0/INFO] [aT] 
[2024-05-10 03:47:20] [modloading-worker-0/INFO] [aT] ******************************************************************************************
[2024-05-10 03:47:20] [modloading-worker-0/INFO] [aT] 
[2024-05-10 03:47:20] [modloading-worker-0/INFO] [a] WorldEdit CUI Forge Edition 3 is loading ...
[2024-05-10 03:52:21] [modloading-worker-1/INFO] [aT] 
[2024-05-10 03:52:21] [modloading-worker-1/INFO] [aT] ******************************************************************************************
[2024-05-10 03:52:21] [modloading-worker-1/INFO] [aT] 
[2024-05-10 03:52:21] [modloading-worker-1/INFO] [aT] WorldEdit CUI Forge Edition 3 version 3.0.9 for Minecraft 1.16.5
[2024-05-10 03:52:21] [modloading-worker-1/INFO] [aT] Built with forge 36.0.13
[2024-05-10 03:52:21] [modloading-worker-1/INFO] [aT] 
[2024-05-10 03:52:21] [modloading-worker-1/INFO] [aT] Environment :
[2024-05-10 03:52:21] [modloading-worker-1/INFO] [aT] 		 OS :Linux (amd64) 
[2024-05-10 03:52:21] [modloading-worker-1/INFO] [aT] 		 Java: 11.0.22
[2024-05-10 03:52:21] [modloading-worker-1/INFO] [aT] 		 Language :null_en
[2024-05-10 03:52:21] [modloading-worker-1/INFO] [aT] 
[2024-05-10 03:52:21] [modloading-worker-1/INFO] [aT] ******************************************************************************************
[2024-05-10 03:52:21] [modloading-worker-1/INFO] [aT] 
[2024-05-10 03:52:21] [modloading-worker-1/INFO] [a] WorldEdit CUI Forge Edition 3 is loading ...
[2024-05-10 04:18:29] [modloading-worker-1/INFO] [aT] 
[2024-05-10 04:18:29] [modloading-worker-1/INFO] [aT] ******************************************************************************************
[2024-05-10 04:18:29] [modloading-worker-1/INFO] [aT] 
[2024-05-10 04:18:29] [modloading-worker-1/INFO] [aT] WorldEdit CUI Forge Edition 3 version 3.0.9 for Minecraft 1.16.5
[2024-05-10 04:18:29] [modloading-worker-1/INFO] [aT] Built with forge 36.0.13
[2024-05-10 04:18:29] [modloading-worker-1/INFO] [aT] 
[2024-05-10 04:18:29] [modloading-worker-1/INFO] [aT] Environment :
[2024-05-10 04:18:29] [modloading-worker-1/INFO] [aT] 		 OS :Linux (amd64) 
[2024-05-10 04:18:29] [modloading-worker-1/INFO] [aT] 		 Java: 11.0.22
[2024-05-10 04:18:29] [modloading-worker-1/INFO] [aT] 		 Language :null_en
[2024-05-10 04:18:29] [modloading-worker-1/INFO] [aT] 
[2024-05-10 04:18:29] [modloading-worker-1/INFO] [aT] ******************************************************************************************
[2024-05-10 04:18:29] [modloading-worker-1/INFO] [aT] 
[2024-05-10 04:18:29] [modloading-worker-1/INFO] [a] WorldEdit CUI Forge Edition 3 is loading ...
[2024-05-10 16:37:35] [modloading-worker-1/INFO] [aT] 
[2024-05-10 16:37:35] [modloading-worker-1/INFO] [aT] ******************************************************************************************
[2024-05-10 16:37:35] [modloading-worker-1/INFO] [aT] 
[2024-05-10 16:37:35] [modloading-worker-1/INFO] [aT] WorldEdit CUI Forge Edition 3 version 3.0.9 for Minecraft 1.16.5
[2024-05-10 16:37:35] [modloading-worker-1/INFO] [aT] Built with forge 36.0.13
[2024-05-10 16:37:35] [modloading-worker-1/INFO] [aT] 
[2024-05-10 16:37:35] [modloading-worker-1/INFO] [aT] Environment :
[2024-05-10 16:37:35] [modloading-worker-1/INFO] [aT] 		 OS :Linux (amd64) 
[2024-05-10 16:37:35] [modloading-worker-1/INFO] [aT] 		 Java: 11.0.22
[2024-05-10 16:37:35] [modloading-worker-1/INFO] [aT] 		 Language :null_en
[2024-05-10 16:37:35] [modloading-worker-1/INFO] [aT] 
[2024-05-10 16:37:35] [modloading-worker-1/INFO] [aT] ******************************************************************************************
[2024-05-10 16:37:35] [modloading-worker-1/INFO] [aT] 
[2024-05-10 16:37:35] [modloading-worker-1/INFO] [a] WorldEdit CUI Forge Edition 3 is loading ...
[2024-05-10 19:40:54] [modloading-worker-0/INFO] [aT] 
[2024-05-10 19:40:54] [modloading-worker-0/INFO] [aT] ******************************************************************************************
[2024-05-10 19:40:54] [modloading-worker-0/INFO] [aT] 
[2024-05-10 19:40:54] [modloading-worker-0/INFO] [aT] WorldEdit CUI Forge Edition 3 version 3.0.9 for Minecraft 1.16.5
[2024-05-10 19:40:54] [modloading-worker-0/INFO] [aT] Built with forge 36.0.13
[2024-05-10 19:40:54] [modloading-worker-0/INFO] [aT] 
[2024-05-10 19:40:54] [modloading-worker-0/INFO] [aT] Environment :
[2024-05-10 19:40:54] [modloading-worker-0/INFO] [aT] 		 OS :Linux (amd64) 
[2024-05-10 19:40:55] [modloading-worker-0/INFO] [aT] 		 Java: 11.0.22
[2024-05-10 19:40:55] [modloading-worker-0/INFO] [aT] 		 Language :null_en
[2024-05-10 19:40:55] [modloading-worker-0/INFO] [aT] 
[2024-05-10 19:40:55] [modloading-worker-0/INFO] [aT] ******************************************************************************************
[2024-05-10 19:40:55] [modloading-worker-0/INFO] [aT] 
[2024-05-10 19:40:55] [modloading-worker-0/INFO] [a] WorldEdit CUI Forge Edition 3 is loading ...
[2024-05-10 20:06:15] [modloading-worker-1/INFO] [aT] 
[2024-05-10 20:06:15] [modloading-worker-1/INFO] [aT] ******************************************************************************************
[2024-05-10 20:06:15] [modloading-worker-1/INFO] [aT] 
[2024-05-10 20:06:15] [modloading-worker-1/INFO] [aT] WorldEdit CUI Forge Edition 3 version 3.0.9 for Minecraft 1.16.5
[2024-05-10 20:06:15] [modloading-worker-1/INFO] [aT] Built with forge 36.0.13
[2024-05-10 20:06:15] [modloading-worker-1/INFO] [aT] 
[2024-05-10 20:06:15] [modloading-worker-1/INFO] [aT] Environment :
[2024-05-10 20:06:15] [modloading-worker-1/INFO] [aT] 		 OS :Linux (amd64) 
[2024-05-10 20:06:15] [modloading-worker-1/INFO] [aT] 		 Java: 11.0.22
[2024-05-10 20:06:15] [modloading-worker-1/INFO] [aT] 		 Language :null_en
[2024-05-10 20:06:15] [modloading-worker-1/INFO] [aT] 
[2024-05-10 20:06:15] [modloading-worker-1/INFO] [aT] ******************************************************************************************
[2024-05-10 20:06:15] [modloading-worker-1/INFO] [aT] 
[2024-05-10 20:06:15] [modloading-worker-1/INFO] [a] WorldEdit CUI Forge Edition 3 is loading ...
[2024-05-10 20:37:39] [modloading-worker-0/INFO] [aT] 
[2024-05-10 20:37:39] [modloading-worker-0/INFO] [aT] ******************************************************************************************
[2024-05-10 20:37:39] [modloading-worker-0/INFO] [aT] 
[2024-05-10 20:37:39] [modloading-worker-0/INFO] [aT] WorldEdit CUI Forge Edition 3 version 3.0.9 for Minecraft 1.16.5
[2024-05-10 20:37:39] [modloading-worker-0/INFO] [aT] Built with forge 36.0.13
[2024-05-10 20:37:39] [modloading-worker-0/INFO] [aT] 
[2024-05-10 20:37:39] [modloading-worker-0/INFO] [aT] Environment :
[2024-05-10 20:37:39] [modloading-worker-0/INFO] [aT] 		 OS :Linux (amd64) 
[2024-05-10 20:37:39] [modloading-worker-0/INFO] [aT] 		 Java: 11.0.22
[2024-05-10 20:37:39] [modloading-worker-0/INFO] [aT] 		 Language :null_en
[2024-05-10 20:37:39] [modloading-worker-0/INFO] [aT] 
[2024-05-10 20:37:39] [modloading-worker-0/INFO] [aT] ******************************************************************************************
[2024-05-10 20:37:39] [modloading-worker-0/INFO] [aT] 
[2024-05-10 20:37:39] [modloading-worker-0/INFO] [a] WorldEdit CUI Forge Edition 3 is loading ...
[2024-05-11 14:48:53] [modloading-worker-0/INFO] [aT] 
[2024-05-11 14:48:53] [modloading-worker-0/INFO] [aT] ******************************************************************************************
[2024-05-11 14:48:53] [modloading-worker-0/INFO] [aT] 
[2024-05-11 14:48:53] [modloading-worker-0/INFO] [aT] WorldEdit CUI Forge Edition 3 version 3.0.9 for Minecraft 1.16.5
[2024-05-11 14:48:53] [modloading-worker-0/INFO] [aT] Built with forge 36.0.13
[2024-05-11 14:48:53] [modloading-worker-0/INFO] [aT] 
[2024-05-11 14:48:53] [modloading-worker-0/INFO] [aT] Environment :
[2024-05-11 14:48:53] [modloading-worker-0/INFO] [aT] 		 OS :Linux (amd64) 
[2024-05-11 14:48:53] [modloading-worker-0/INFO] [aT] 		 Java: 11.0.22
[2024-05-11 14:48:53] [modloading-worker-0/INFO] [aT] 		 Language :null_en
[2024-05-11 14:48:53] [modloading-worker-0/INFO] [aT] 
[2024-05-11 14:48:53] [modloading-worker-0/INFO] [aT] ******************************************************************************************
[2024-05-11 14:48:53] [modloading-worker-0/INFO] [aT] 
[2024-05-11 14:48:53] [modloading-worker-0/INFO] [a] WorldEdit CUI Forge Edition 3 is loading ...
[2024-05-11 15:43:11] [modloading-worker-0/INFO] [aT] 
[2024-05-11 15:43:11] [modloading-worker-0/INFO] [aT] ******************************************************************************************
[2024-05-11 15:43:11] [modloading-worker-0/INFO] [aT] 
[2024-05-11 15:43:11] [modloading-worker-0/INFO] [aT] WorldEdit CUI Forge Edition 3 version 3.0.9 for Minecraft 1.16.5
[2024-05-11 15:43:11] [modloading-worker-0/INFO] [aT] Built with forge 36.0.13
[2024-05-11 15:43:11] [modloading-worker-0/INFO] [aT] 
[2024-05-11 15:43:11] [modloading-worker-0/INFO] [aT] Environment :
[2024-05-11 15:43:11] [modloading-worker-0/INFO] [aT] 		 OS :Linux (amd64) 
[2024-05-11 15:43:11] [modloading-worker-0/INFO] [aT] 		 Java: 11.0.22
[2024-05-11 15:43:11] [modloading-worker-0/INFO] [aT] 		 Language :null_en
[2024-05-11 15:43:11] [modloading-worker-0/INFO] [aT] 
[2024-05-11 15:43:11] [modloading-worker-0/INFO] [aT] ******************************************************************************************
[2024-05-11 15:43:11] [modloading-worker-0/INFO] [aT] 
[2024-05-11 15:43:11] [modloading-worker-0/INFO] [a] WorldEdit CUI Forge Edition 3 is loading ...
